<?xml version="1.0" encoding="UTF-8"?>
<testng-results skipped="0" failed="0" ignored="0" total="1" passed="1">
  <reporter-output>
    <line>
      <![CDATA[Run TestA]]>
    </line>
  </reporter-output>
  <suite name="Default suite" duration-ms="47" started-at="2018-11-26T13:29:57Z" finished-at="2018-11-26T13:29:57Z">
    <groups>
    </groups>
    <test name="Default test" duration-ms="47" started-at="2018-11-26T13:29:57Z" finished-at="2018-11-26T13:29:57Z">
      <class name="testngexample.DemoA">
        <test-method status="PASS" signature="testA()[pri:0, instance:testngexample.DemoA@53f65459]" name="testA" duration-ms="0" started-at="2018-11-26T13:29:57Z" finished-at="2018-11-26T13:29:57Z">
          <reporter-output>
            <line>
              <![CDATA[Run TestA]]>
            </line>
          </reporter-output>
        </test-method> <!-- testA -->
      </class> <!-- testngexample.DemoA -->
    </test> <!-- Default test -->
  </suite> <!-- Default suite -->
</testng-results>
